<?xml version="1.0" encoding="UTF-8"?>
<testng-results skipped="0" failed="2" ignored="0" total="6" passed="4">
  <reporter-output>
  </reporter-output>
  <suite name="Suite" duration-ms="97806" started-at="2018-10-12T18:20:57Z" finished-at="2018-10-12T18:22:35Z">
    <groups>
    </groups>
    <test name="Test" duration-ms="97806" started-at="2018-10-12T18:20:57Z" finished-at="2018-10-12T18:22:35Z">
      <class name="com.Guru99.testcases.LoginPageTestCases">
        <test-method status="PASS" signature="setUp()[pri:0, instance:com.Guru99.testcases.LoginPageTestCases@271053e1]" name="setUp" is-config="true" duration-ms="9364" started-at="2018-10-12T18:21:37Z" finished-at="2018-10-12T18:21:46Z">
          <reporter-output>
          </reporter-output>
        </test-method> <!-- setUp -->
        <test-method status="PASS" signature="LoginPageLoginTest()[pri:0, instance:com.Guru99.testcases.LoginPageTestCases@271053e1]" name="LoginPageLoginTest" duration-ms="10307" started-at="2018-10-12T18:21:46Z" finished-at="2018-10-12T18:21:56Z">
          <reporter-output>
          </reporter-output>
        </test-method> <!-- LoginPageLoginTest -->
        <test-method status="PASS" signature="tearDown()[pri:0, instance:com.Guru99.testcases.LoginPageTestCases@271053e1]" name="tearDown" is-config="true" duration-ms="2199" started-at="2018-10-12T18:21:56Z" finished-at="2018-10-12T18:21:58Z">
          <reporter-output>
          </reporter-output>
        </test-method> <!-- tearDown -->
        <test-method status="PASS" signature="setUp()[pri:0, instance:com.Guru99.testcases.LoginPageTestCases@271053e1]" name="setUp" is-config="true" duration-ms="8655" started-at="2018-10-12T18:21:58Z" finished-at="2018-10-12T18:22:07Z">
          <reporter-output>
          </reporter-output>
        </test-method> <!-- setUp -->
        <test-method status="PASS" signature="LoginPageLogoTest()[pri:0, instance:com.Guru99.testcases.LoginPageTestCases@271053e1]" name="LoginPageLogoTest" duration-ms="126" started-at="2018-10-12T18:22:07Z" finished-at="2018-10-12T18:22:07Z">
          <reporter-output>
          </reporter-output>
        </test-method> <!-- LoginPageLogoTest -->
        <test-method status="PASS" signature="tearDown()[pri:0, instance:com.Guru99.testcases.LoginPageTestCases@271053e1]" name="tearDown" is-config="true" duration-ms="2346" started-at="2018-10-12T18:22:07Z" finished-at="2018-10-12T18:22:10Z">
          <reporter-output>
          </reporter-output>
        </test-method> <!-- tearDown -->
        <test-method status="PASS" signature="setUp()[pri:0, instance:com.Guru99.testcases.LoginPageTestCases@271053e1]" name="setUp" is-config="true" duration-ms="8494" started-at="2018-10-12T18:22:10Z" finished-at="2018-10-12T18:22:18Z">
          <reporter-output>
          </reporter-output>
        </test-method> <!-- setUp -->
        <test-method status="PASS" signature="LoginPageTitleTest()[pri:0, instance:com.Guru99.testcases.LoginPageTestCases@271053e1]" name="LoginPageTitleTest" duration-ms="24" started-at="2018-10-12T18:22:18Z" finished-at="2018-10-12T18:22:18Z">
          <reporter-output>
          </reporter-output>
        </test-method> <!-- LoginPageTitleTest -->
        <test-method status="PASS" signature="tearDown()[pri:0, instance:com.Guru99.testcases.LoginPageTestCases@271053e1]" name="tearDown" is-config="true" duration-ms="2148" started-at="2018-10-12T18:22:18Z" finished-at="2018-10-12T18:22:20Z">
          <reporter-output>
          </reporter-output>
        </test-method> <!-- tearDown -->
      </class> <!-- com.Guru99.testcases.LoginPageTestCases -->
      <class name="com.Guru99.testcases.AddNewCustomerTestCases">
        <test-method status="PASS" signature="setUp()[pri:0, instance:com.Guru99.testcases.AddNewCustomerTestCases@4f7d0008]" name="setUp" is-config="true" duration-ms="17912" started-at="2018-10-12T18:20:58Z" finished-at="2018-10-12T18:21:16Z">
          <reporter-output>
          </reporter-output>
        </test-method> <!-- setUp -->
        <test-method status="FAIL" signature="addNewCustomer(java.lang.String, java.lang.String, java.lang.String, java.lang.String, java.lang.String, java.lang.String, java.lang.String, java.lang.String, java.lang.String, java.lang.String)[pri:0, instance:com.Guru99.testcases.AddNewCustomerTestCases@4f7d0008]" name="addNewCustomer" duration-ms="1612" started-at="2018-10-12T18:21:16Z" data-provider="getCustomerData" finished-at="2018-10-12T18:21:17Z">
          <params>
            <param index="0">
              <value>
                <![CDATA[kundan]]>
              </value>
            </param>
            <param index="1">
              <value>
                <![CDATA[m]]>
              </value>
            </param>
            <param index="2">
              <value>
                <![CDATA[1984-01-17]]>
              </value>
            </param>
            <param index="3">
              <value>
                <![CDATA[kundan1bhatgmailcom]]>
              </value>
            </param>
            <param index="4">
              <value>
                <![CDATA[noida]]>
              </value>
            </param>
            <param index="5">
              <value>
                <![CDATA[delhi]]>
              </value>
            </param>
            <param index="6">
              <value>
                <![CDATA[400708.0]]>
              </value>
            </param>
            <param index="7">
              <value>
                <![CDATA[1234567899]]>
              </value>
            </param>
            <param index="8">
              <value>
                <![CDATA[kundan11221bhat@gmail.com]]>
              </value>
            </param>
            <param index="9">
              <value>
                <![CDATA[kundan2bhatgmail.com]]>
              </value>
            </param>
          </params>
          <exception class="java.lang.AssertionError">
            <message>
              <![CDATA[Email Address Already Exist !! expected [true] but found [false]]]>
            </message>
            <full-stacktrace>
              <![CDATA[java.lang.AssertionError: Email Address Already Exist !! expected [true] but found [false]
at org.testng.Assert.fail(Assert.java:96)
at org.testng.Assert.failNotEquals(Assert.java:776)
at org.testng.Assert.assertTrue(Assert.java:44)
at com.Guru99.testcases.AddNewCustomerTestCases.addNewCustomer(AddNewCustomerTestCases.java:49)
at sun.reflect.NativeMethodAccessorImpl.invoke0(Native Method)
at sun.reflect.NativeMethodAccessorImpl.invoke(NativeMethodAccessorImpl.java:62)
at sun.reflect.DelegatingMethodAccessorImpl.invoke(DelegatingMethodAccessorImpl.java:43)
at java.lang.reflect.Method.invoke(Method.java:498)
at org.testng.internal.MethodInvocationHelper.invokeMethod(MethodInvocationHelper.java:124)
at org.testng.internal.Invoker.invokeMethod(Invoker.java:583)
at org.testng.internal.Invoker.invokeTestMethod(Invoker.java:719)
at org.testng.internal.Invoker.invokeTestMethods(Invoker.java:989)
at org.testng.internal.TestMethodWorker.invokeTestMethods(TestMethodWorker.java:125)
at org.testng.internal.TestMethodWorker.run(TestMethodWorker.java:109)
at org.testng.TestRunner.privateRun(TestRunner.java:648)
at org.testng.TestRunner.run(TestRunner.java:505)
at org.testng.SuiteRunner.runTest(SuiteRunner.java:455)
at org.testng.SuiteRunner.runSequentially(SuiteRunner.java:450)
at org.testng.SuiteRunner.privateRun(SuiteRunner.java:415)
at org.testng.SuiteRunner.run(SuiteRunner.java:364)
at org.testng.SuiteRunnerWorker.runSuite(SuiteRunnerWorker.java:52)
at org.testng.SuiteRunnerWorker.run(SuiteRunnerWorker.java:84)
at org.testng.TestNG.runSuitesSequentially(TestNG.java:1208)
at org.testng.TestNG.runSuitesLocally(TestNG.java:1137)
at org.testng.TestNG.runSuites(TestNG.java:1049)
at org.testng.TestNG.run(TestNG.java:1017)
at org.testng.remote.AbstractRemoteTestNG.run(AbstractRemoteTestNG.java:114)
at org.testng.remote.RemoteTestNG.initAndRun(RemoteTestNG.java:251)
at org.testng.remote.RemoteTestNG.main(RemoteTestNG.java:77)
]]>
            </full-stacktrace>
          </exception> <!-- java.lang.AssertionError -->
          <reporter-output>
          </reporter-output>
        </test-method> <!-- addNewCustomer -->
        <test-method status="PASS" signature="tearDown()[pri:0, instance:com.Guru99.testcases.AddNewCustomerTestCases@4f7d0008]" name="tearDown" is-config="true" duration-ms="2343" started-at="2018-10-12T18:21:17Z" finished-at="2018-10-12T18:21:20Z">
          <reporter-output>
          </reporter-output>
        </test-method> <!-- tearDown -->
        <test-method status="PASS" signature="setUp()[pri:0, instance:com.Guru99.testcases.AddNewCustomerTestCases@4f7d0008]" name="setUp" is-config="true" duration-ms="13346" started-at="2018-10-12T18:21:20Z" finished-at="2018-10-12T18:21:33Z">
          <reporter-output>
          </reporter-output>
        </test-method> <!-- setUp -->
        <test-method status="FAIL" signature="addNewCustomer(java.lang.String, java.lang.String, java.lang.String, java.lang.String, java.lang.String, java.lang.String, java.lang.String, java.lang.String, java.lang.String, java.lang.String)[pri:0, instance:com.Guru99.testcases.AddNewCustomerTestCases@4f7d0008]" name="addNewCustomer" duration-ms="1495" started-at="2018-10-12T18:21:33Z" data-provider="getCustomerData" finished-at="2018-10-12T18:21:34Z">
          <params>
            <param index="0">
              <value>
                <![CDATA[amit]]>
              </value>
            </param>
            <param index="1">
              <value>
                <![CDATA[m]]>
              </value>
            </param>
            <param index="2">
              <value>
                <![CDATA[1984-01-17]]>
              </value>
            </param>
            <param index="3">
              <value>
                <![CDATA[amitbhatgmailcom]]>
              </value>
            </param>
            <param index="4">
              <value>
                <![CDATA[noida]]>
              </value>
            </param>
            <param index="5">
              <value>
                <![CDATA[delhi]]>
              </value>
            </param>
            <param index="6">
              <value>
                <![CDATA[400708.0]]>
              </value>
            </param>
            <param index="7">
              <value>
                <![CDATA[1234567899]]>
              </value>
            </param>
            <param index="8">
              <value>
                <![CDATA[amit12.bhat@gmail.com]]>
              </value>
            </param>
            <param index="9">
              <value>
                <![CDATA[amit.bhatgmail.com]]>
              </value>
            </param>
          </params>
          <exception class="java.lang.AssertionError">
            <message>
              <![CDATA[Email Address Already Exist !! expected [true] but found [false]]]>
            </message>
            <full-stacktrace>
              <![CDATA[java.lang.AssertionError: Email Address Already Exist !! expected [true] but found [false]
at org.testng.Assert.fail(Assert.java:96)
at org.testng.Assert.failNotEquals(Assert.java:776)
at org.testng.Assert.assertTrue(Assert.java:44)
at com.Guru99.testcases.AddNewCustomerTestCases.addNewCustomer(AddNewCustomerTestCases.java:49)
at sun.reflect.NativeMethodAccessorImpl.invoke0(Native Method)
at sun.reflect.NativeMethodAccessorImpl.invoke(NativeMethodAccessorImpl.java:62)
at sun.reflect.DelegatingMethodAccessorImpl.invoke(DelegatingMethodAccessorImpl.java:43)
at java.lang.reflect.Method.invoke(Method.java:498)
at org.testng.internal.MethodInvocationHelper.invokeMethod(MethodInvocationHelper.java:124)
at org.testng.internal.Invoker.invokeMethod(Invoker.java:583)
at org.testng.internal.Invoker.invokeTestMethod(Invoker.java:719)
at org.testng.internal.Invoker.invokeTestMethods(Invoker.java:989)
at org.testng.internal.TestMethodWorker.invokeTestMethods(TestMethodWorker.java:125)
at org.testng.internal.TestMethodWorker.run(TestMethodWorker.java:109)
at org.testng.TestRunner.privateRun(TestRunner.java:648)
at org.testng.TestRunner.run(TestRunner.java:505)
at org.testng.SuiteRunner.runTest(SuiteRunner.java:455)
at org.testng.SuiteRunner.runSequentially(SuiteRunner.java:450)
at org.testng.SuiteRunner.privateRun(SuiteRunner.java:415)
at org.testng.SuiteRunner.run(SuiteRunner.java:364)
at org.testng.SuiteRunnerWorker.runSuite(SuiteRunnerWorker.java:52)
at org.testng.SuiteRunnerWorker.run(SuiteRunnerWorker.java:84)
at org.testng.TestNG.runSuitesSequentially(TestNG.java:1208)
at org.testng.TestNG.runSuitesLocally(TestNG.java:1137)
at org.testng.TestNG.runSuites(TestNG.java:1049)
at org.testng.TestNG.run(TestNG.java:1017)
at org.testng.remote.AbstractRemoteTestNG.run(AbstractRemoteTestNG.java:114)
at org.testng.remote.RemoteTestNG.initAndRun(RemoteTestNG.java:251)
at org.testng.remote.RemoteTestNG.main(RemoteTestNG.java:77)
]]>
            </full-stacktrace>
          </exception> <!-- java.lang.AssertionError -->
          <reporter-output>
          </reporter-output>
        </test-method> <!-- addNewCustomer -->
        <test-method status="PASS" signature="tearDown()[pri:0, instance:com.Guru99.testcases.AddNewCustomerTestCases@4f7d0008]" name="tearDown" is-config="true" duration-ms="2090" started-at="2018-10-12T18:21:34Z" finished-at="2018-10-12T18:21:37Z">
          <reporter-output>
          </reporter-output>
        </test-method> <!-- tearDown -->
      </class> <!-- com.Guru99.testcases.AddNewCustomerTestCases -->
      <class name="com.Guru99.testcases.ManagerPageTestCases">
        <test-method status="PASS" signature="setUp()[pri:0, instance:com.Guru99.testcases.ManagerPageTestCases@589838eb]" name="setUp" is-config="true" duration-ms="12181" started-at="2018-10-12T18:22:20Z" finished-at="2018-10-12T18:22:32Z">
          <reporter-output>
          </reporter-output>
        </test-method> <!-- setUp -->
        <test-method status="PASS" signature="testManagerId()[pri:0, instance:com.Guru99.testcases.ManagerPageTestCases@589838eb]" name="testManagerId" duration-ms="60" started-at="2018-10-12T18:22:32Z" finished-at="2018-10-12T18:22:32Z">
          <reporter-output>
          </reporter-output>
        </test-method> <!-- testManagerId -->
        <test-method status="PASS" signature="tearDown()[pri:0, instance:com.Guru99.testcases.ManagerPageTestCases@589838eb]" name="tearDown" is-config="true" duration-ms="2232" started-at="2018-10-12T18:22:32Z" finished-at="2018-10-12T18:22:35Z">
          <reporter-output>
          </reporter-output>
        </test-method> <!-- tearDown -->
      </class> <!-- com.Guru99.testcases.ManagerPageTestCases -->
    </test> <!-- Test -->
  </suite> <!-- Suite -->
</testng-results>
